# JRE version: OpenJDK Runtime Environment Temurin-17.0.5+8 (17.0.5+8) (build 17.0.5+8)
# Java VM: OpenJDK 64-Bit Server VM Temurin-17.0.5+8 (17.0.5+8, mixed mode, tiered, compressed oops, compressed class ptrs, parallel gc, linux-amd64)
GC Precious Log:
 CPUs: 8 total, 8 available
 Memory: 11965M
 Large Page Support: Disabled
 NUMA Support: Disabled
 Compressed Oops: Enabled (32-bit)
 Alignments: Space 512K, Generation 512K, Heap 2M
 Heap Min Capacity: 100M
 Heap Initial Capacity: 100M
 Heap Max Capacity: 1G
 Pre-touch: Disabled
 Parallel Workers: 8
Heap:
 PSYoungGen      total 14336K, used 14314K [0x00000000eab00000, 0x00000000ebc00000, 0x0000000100000000)
  eden space 13312K, 100% used [0x00000000eab00000,0x00000000eb800000,0x00000000eb800000)
  from space 1024K, 97% used [0x00000000eb800000,0x00000000eb8faa38,0x00000000eb900000)
  to   space 2048K, 6% used [0x00000000eba00000,0x00000000eba20000,0x00000000ebc00000)
 ParOldGen       total 68608K, used 55693K [0x00000000c0000000, 0x00000000c4300000, 0x00000000eab00000)
  object space 68608K, 81% used [0x00000000c0000000,0x00000000c3663630,0x00000000c4300000)
 Metaspace       used 64106K, committed 65216K, reserved 1114112K
  class space    used 6643K, committed 7104K, reserved 1048576K
GC Heap History (20 events):
Event: 14.945 GC heap after
{Heap after GC invocations=49 (full 3):
 PSYoungGen      total 14848K, used 896K [0x00000000eab00000, 0x00000000ebc00000, 0x0000000100000000)
  eden space 13824K, 0% used [0x00000000eab00000,0x00000000eab00000,0x00000000eb880000)
  from space 1024K, 87% used [0x00000000ebb00000,0x00000000ebbe0000,0x00000000ebc00000)
  to   space 1536K, 0% used [0x00000000eb900000,0x00000000eb900000,0x00000000eba80000)
 ParOldGen       total 68608K, used 48199K [0x00000000c0000000, 0x00000000c4300000, 0x00000000eab00000)
  object space 68608K, 70% used [0x00000000c0000000,0x00000000c2f11cf8,0x00000000c4300000)
 Metaspace       used 60706K, committed 61760K, reserved 1105920K
  class space    used 6376K, committed 6848K, reserved 1048576K
}
Event: 15.000 GC heap before
{Heap before GC invocations=50 (full 3):
 PSYoungGen      total 14848K, used 14720K [0x00000000eab00000, 0x00000000ebc00000, 0x0000000100000000)
  eden space 13824K, 100% used [0x00000000eab00000,0x00000000eb880000,0x00000000eb880000)
  from space 1024K, 87% used [0x00000000ebb00000,0x00000000ebbe0000,0x00000000ebc00000)
  to   space 1536K, 0% used [0x00000000eb900000,0x00000000eb900000,0x00000000eba80000)
 ParOldGen       total 68608K, used 48199K [0x00000000c0000000, 0x00000000c4300000, 0x00000000eab00000)
  object space 68608K, 70% used [0x00000000c0000000,0x00000000c2f11cf8,0x00000000c4300000)
 Metaspace       used 60714K, committed 61760K, reserved 1105920K
  class space    used 6376K, committed 6848K, reserved 1048576K
}
Event: 15.003 GC heap after
{Heap after GC invocations=50 (full 3):
 PSYoungGen      total 15360K, used 1152K [0x00000000eab00000, 0x00000000ebb80000, 0x0000000100000000)
  eden space 13824K, 0% used [0x00000000eab00000,0x00000000eab00000,0x00000000eb880000)
  from space 1536K, 75% used [0x00000000eb900000,0x00000000eba20000,0x00000000eba80000)
  to   space 1024K, 0% used [0x00000000eba80000,0x00000000eba80000,0x00000000ebb80000)
 ParOldGen       total 68608K, used 48951K [0x00000000c0000000, 0x00000000c4300000, 0x00000000eab00000)
  object space 68608K, 71% used [0x00000000c0000000,0x00000000c2fcdcf8,0x00000000c4300000)
 Metaspace       used 60714K, committed 61760K, reserved 1105920K
  class space    used 6376K, committed 6848K, reserved 1048576K
}
Event: 15.058 GC heap before
{Heap before GC invocations=51 (full 3):
 PSYoungGen      total 15360K, used 14976K [0x00000000eab00000, 0x00000000ebb80000, 0x0000000100000000)
  eden space 13824K, 100% used [0x00000000eab00000,0x00000000eb880000,0x00000000eb880000)
  from space 1536K, 75% used [0x00000000eb900000,0x00000000eba20000,0x00000000eba80000)
  to   space 1024K, 0% used [0x00000000eba80000,0x00000000eba80000,0x00000000ebb80000)
 ParOldGen       total 68608K, used 48951K [0x00000000c0000000, 0x00000000c4300000, 0x00000000eab00000)
  object space 68608K, 71% used [0x00000000c0000000,0x00000000c2fcdcf8,0x00000000c4300000)
 Metaspace       used 60748K, committed 61888K, reserved 1105920K
  class space    used 6381K, committed 6912K, reserved 1048576K
}
Event: 15.061 GC heap after
{Heap after GC invocations=51 (full 3):
 PSYoungGen      total 14336K, used 1024K [0x00000000eab00000, 0x00000000ebd80000, 0x0000000100000000)
  eden space 13312K, 0% used [0x00000000eab00000,0x00000000eab00000,0x00000000eb800000)
  from space 1024K, 100% used [0x00000000eba80000,0x00000000ebb80000,0x00000000ebb80000)
  to   space 2560K, 0% used [0x00000000eb800000,0x00000000eb800000,0x00000000eba80000)
 ParOldGen       total 68608K, used 50167K [0x00000000c0000000, 0x00000000c4300000, 0x00000000eab00000)
  object space 68608K, 73% used [0x00000000c0000000,0x00000000c30fdcf8,0x00000000c4300000)
 Metaspace       used 60748K, committed 61888K, reserved 1105920K
  class space    used 6381K, committed 6912K, reserved 1048576K
}
Event: 15.328 GC heap before
{Heap before GC invocations=52 (full 3):
 PSYoungGen      total 14336K, used 14336K [0x00000000eab00000, 0x00000000ebd80000, 0x0000000100000000)
  eden space 13312K, 100% used [0x00000000eab00000,0x00000000eb800000,0x00000000eb800000)
  from space 1024K, 100% used [0x00000000eba80000,0x00000000ebb80000,0x00000000ebb80000)
  to   space 2560K, 0% used [0x00000000eb800000,0x00000000eb800000,0x00000000eba80000)
 ParOldGen       total 68608K, used 50167K [0x00000000c0000000, 0x00000000c4300000, 0x00000000eab00000)
  object space 68608K, 73% used [0x00000000c0000000,0x00000000c30fdcf8,0x00000000c4300000)
 Metaspace       used 61231K, committed 62272K, reserved 1105920K
  class space    used 6421K, committed 6912K, reserved 1048576K
}
Event: 15.337 GC heap after
{Heap after GC invocations=52 (full 3):
 PSYoungGen      total 14848K, used 1216K [0x00000000eab00000, 0x00000000ebc00000, 0x0000000100000000)
  eden space 13312K, 0% used [0x00000000eab00000,0x00000000eab00000,0x00000000eb800000)
  from space 1536K, 79% used [0x00000000eb800000,0x00000000eb930000,0x00000000eb980000)
  to   space 2048K, 0% used [0x00000000eba00000,0x00000000eba00000,0x00000000ebc00000)
 ParOldGen       total 68608K, used 50783K [0x00000000c0000000, 0x00000000c4300000, 0x00000000eab00000)
  object space 68608K, 74% used [0x00000000c0000000,0x00000000c3197cf8,0x00000000c4300000)
 Metaspace       used 61231K, committed 62272K, reserved 1105920K
  class space    used 6421K, committed 6912K, reserved 1048576K
}
Event: 15.436 GC heap before
{Heap before GC invocations=53 (full 3):
 PSYoungGen      total 14848K, used 13568K [0x00000000eab00000, 0x00000000ebc00000, 0x0000000100000000)
  eden space 13312K, 92% used [0x00000000eab00000,0x00000000eb710070,0x00000000eb800000)
  from space 1536K, 79% used [0x00000000eb800000,0x00000000eb930000,0x00000000eb980000)
  to   space 2048K, 0% used [0x00000000eba00000,0x00000000eba00000,0x00000000ebc00000)
 ParOldGen       total 68608K, used 51749K [0x00000000c0000000, 0x00000000c4300000, 0x00000000eab00000)
  object space 68608K, 75% used [0x00000000c0000000,0x00000000c32894e0,0x00000000c4300000)
 Metaspace       used 61286K, committed 62400K, reserved 1105920K
  class space    used 6422K, committed 6912K, reserved 1048576K
}
Event: 15.444 GC heap after
{Heap after GC invocations=53 (full 3):
 PSYoungGen      total 14848K, used 1376K [0x00000000eab00000, 0x00000000ebb80000, 0x0000000100000000)
  eden space 13312K, 0% used [0x00000000eab00000,0x00000000eab00000,0x00000000eb800000)
  from space 1536K, 89% used [0x00000000eba00000,0x00000000ebb581f8,0x00000000ebb80000)
  to   space 1536K, 0% used [0x00000000eb800000,0x00000000eb800000,0x00000000eb980000)
 ParOldGen       total 68608K, used 52824K [0x00000000c0000000, 0x00000000c4300000, 0x00000000eab00000)
  object space 68608K, 76% used [0x00000000c0000000,0x00000000c33963f8,0x00000000c4300000)
 Metaspace       used 61286K, committed 62400K, reserved 1105920K
  class space    used 6422K, committed 6912K, reserved 1048576K
}
Event: 15.488 GC heap before
{Heap before GC invocations=54 (full 3):
 PSYoungGen      total 14848K, used 14688K [0x00000000eab00000, 0x00000000ebb80000, 0x0000000100000000)
  eden space 13312K, 100% used [0x00000000eab00000,0x00000000eb800000,0x00000000eb800000)
  from space 1536K, 89% used [0x00000000eba00000,0x00000000ebb581f8,0x00000000ebb80000)
  to   space 1536K, 0% used [0x00000000eb800000,0x00000000eb800000,0x00000000eb980000)
 ParOldGen       total 68608K, used 52849K [0x00000000c0000000, 0x00000000c4300000, 0x00000000eab00000)
  object space 68608K, 77% used [0x00000000c0000000,0x00000000c339c610,0x00000000c4300000)
 Metaspace       used 61316K, committed 62464K, reserved 1105920K
  class space    used 6422K, committed 6912K, reserved 1048576K
}
Event: 15.493 GC heap after
{Heap after GC invocations=54 (full 3):
 PSYoungGen      total 14848K, used 1257K [0x00000000eab00000, 0x00000000ebb00000, 0x0000000100000000)
  eden space 13312K, 0% used [0x00000000eab00000,0x00000000eab00000,0x00000000eb800000)
  from space 1536K, 81% used [0x00000000eb800000,0x00000000eb93a658,0x00000000eb980000)
  to   space 1536K, 0% used [0x00000000eb980000,0x00000000eb980000,0x00000000ebb00000)
 ParOldGen       total 68608K, used 54065K [0x00000000c0000000, 0x00000000c4300000, 0x00000000eab00000)
  object space 68608K, 78% used [0x00000000c0000000,0x00000000c34cc490,0x00000000c4300000)
 Metaspace       used 61316K, committed 62464K, reserved 1105920K
  class space    used 6422K, committed 6912K, reserved 1048576K
}
Event: 15.537 GC heap before
{Heap before GC invocations=55 (full 3):
 PSYoungGen      total 14848K, used 13772K [0x00000000eab00000, 0x00000000ebb00000, 0x0000000100000000)
  eden space 13312K, 94% used [0x00000000eab00000,0x00000000eb738c48,0x00000000eb800000)
  from space 1536K, 81% used [0x00000000eb800000,0x00000000eb93a658,0x00000000eb980000)
  to   space 1536K, 0% used [0x00000000eb980000,0x00000000eb980000,0x00000000ebb00000)
 ParOldGen       total 68608K, used 54065K [0x00000000c0000000, 0x00000000c4300000, 0x00000000eab00000)
  object space 68608K, 78% used [0x00000000c0000000,0x00000000c34cc490,0x00000000c4300000)
 Metaspace       used 61335K, committed 62464K, reserved 1105920K
  class space    used 6422K, committed 6912K, reserved 1048576K
}
Event: 15.541 GC heap after
{Heap after GC invocations=55 (full 3):
 PSYoungGen      total 14848K, used 1321K [0x00000000eab00000, 0x00000000ebb00000, 0x0000000100000000)
  eden space 13312K, 0% used [0x00000000eab00000,0x00000000eab00000,0x00000000eb800000)
  from space 1536K, 86% used [0x00000000eb980000,0x00000000ebaca708,0x00000000ebb00000)
  to   space 1536K, 0% used [0x00000000eb800000,0x00000000eb800000,0x00000000eb980000)
 ParOldGen       total 68608K, used 54467K [0x00000000c0000000, 0x00000000c4300000, 0x00000000eab00000)
  object space 68608K, 79% used [0x00000000c0000000,0x00000000c3530e30,0x00000000c4300000)
 Metaspace       used 61335K, committed 62464K, reserved 1105920K
  class space    used 6422K, committed 6912K, reserved 1048576K
}
Event: 15.594 GC heap before
{Heap before GC invocations=56 (full 3):
 PSYoungGen      total 14848K, used 14633K [0x00000000eab00000, 0x00000000ebb00000, 0x0000000100000000)
  eden space 13312K, 100% used [0x00000000eab00000,0x00000000eb800000,0x00000000eb800000)
  from space 1536K, 86% used [0x00000000eb980000,0x00000000ebaca708,0x00000000ebb00000)
  to   space 1536K, 0% used [0x00000000eb800000,0x00000000eb800000,0x00000000eb980000)
 ParOldGen       total 68608K, used 54467K [0x00000000c0000000, 0x00000000c4300000, 0x00000000eab00000)
  object space 68608K, 79% used [0x00000000c0000000,0x00000000c3530e30,0x00000000c4300000)
 Metaspace       used 61352K, committed 62464K, reserved 1105920K
  class space    used 6422K, committed 6912K, reserved 1048576K
}
Event: 15.597 GC heap after
{Heap after GC invocations=56 (full 3):
 PSYoungGen      total 14848K, used 1077K [0x00000000eab00000, 0x00000000ebb00000, 0x0000000100000000)
  eden space 13312K, 0% used [0x00000000eab00000,0x00000000eab00000,0x00000000eb800000)
  from space 1536K, 70% used [0x00000000eb800000,0x00000000eb90d760,0x00000000eb980000)
  to   space 1536K, 0% used [0x00000000eb980000,0x00000000eb980000,0x00000000ebb00000)
 ParOldGen       total 68608K, used 54951K [0x00000000c0000000, 0x00000000c4300000, 0x00000000eab00000)
  object space 68608K, 80% used [0x00000000c0000000,0x00000000c35a9eb8,0x00000000c4300000)
 Metaspace       used 61352K, committed 62464K, reserved 1105920K
  class space    used 6422K, committed 6912K, reserved 1048576K
}
Event: 15.657 GC heap before
{Heap before GC invocations=57 (full 3):
 PSYoungGen      total 14848K, used 14389K [0x00000000eab00000, 0x00000000ebb00000, 0x0000000100000000)
  eden space 13312K, 100% used [0x00000000eab00000,0x00000000eb800000,0x00000000eb800000)
  from space 1536K, 70% used [0x00000000eb800000,0x00000000eb90d760,0x00000000eb980000)
  to   space 1536K, 0% used [0x00000000eb980000,0x00000000eb980000,0x00000000ebb00000)
 ParOldGen       total 68608K, used 54951K [0x00000000c0000000, 0x00000000c4300000, 0x00000000eab00000)
  object space 68608K, 80% used [0x00000000c0000000,0x00000000c35a9eb8,0x00000000c4300000)
 Metaspace       used 61721K, committed 62912K, reserved 1105920K
  class space    used 6447K, committed 6976K, reserved 1048576K
}
Event: 15.662 GC heap after
{Heap after GC invocations=57 (full 3):
 PSYoungGen      total 13824K, used 192K [0x00000000eab00000, 0x00000000eba00000, 0x0000000100000000)
  eden space 13312K, 0% used [0x00000000eab00000,0x00000000eab00000,0x00000000eb800000)
  from space 512K, 37% used [0x00000000eb980000,0x00000000eb9b0000,0x00000000eba00000)
  to   space 1024K, 0% used [0x00000000eb800000,0x00000000eb800000,0x00000000eb900000)
 ParOldGen       total 68608K, used 55069K [0x00000000c0000000, 0x00000000c4300000, 0x00000000eab00000)
  object space 68608K, 80% used [0x00000000c0000000,0x00000000c35c7638,0x00000000c4300000)
 Metaspace       used 61721K, committed 62912K, reserved 1105920K
  class space    used 6447K, committed 6976K, reserved 1048576K
}
Event: 16.001 GC heap before
{Heap before GC invocations=58 (full 3):
 PSYoungGen      total 13824K, used 13504K [0x00000000eab00000, 0x00000000eba00000, 0x0000000100000000)
  eden space 13312K, 100% used [0x00000000eab00000,0x00000000eb800000,0x00000000eb800000)
  from space 512K, 37% used [0x00000000eb980000,0x00000000eb9b0000,0x00000000eba00000)
  to   space 1024K, 0% used [0x00000000eb800000,0x00000000eb800000,0x00000000eb900000)
 ParOldGen       total 68608K, used 55069K [0x00000000c0000000, 0x00000000c4300000, 0x00000000eab00000)
  object space 68608K, 80% used [0x00000000c0000000,0x00000000c35c7638,0x00000000c4300000)
 Metaspace       used 63598K, committed 64768K, reserved 1114112K
  class space    used 6609K, committed 7104K, reserved 1048576K
}
Event: 16.005 GC heap after
{Heap after GC invocations=58 (full 3):
 PSYoungGen      total 14336K, used 1002K [0x00000000eab00000, 0x00000000ebc00000, 0x0000000100000000)
  eden space 13312K, 0% used [0x00000000eab00000,0x00000000eab00000,0x00000000eb800000)
  from space 1024K, 97% used [0x00000000eb800000,0x00000000eb8faa38,0x00000000eb900000)
  to   space 2048K, 0% used [0x00000000eba00000,0x00000000eba00000,0x00000000ebc00000)
 ParOldGen       total 68608K, used 55441K [0x00000000c0000000, 0x00000000c4300000, 0x00000000eab00000)
  object space 68608K, 80% used [0x00000000c0000000,0x00000000c3624410,0x00000000c4300000)
 Metaspace       used 63598K, committed 64768K, reserved 1114112K
  class space    used 6609K, committed 7104K, reserved 1048576K
}
Event: 16.515 GC heap before
{Heap before GC invocations=59 (full 3):
 PSYoungGen      total 14336K, used 14314K [0x00000000eab00000, 0x00000000ebc00000, 0x0000000100000000)
  eden space 13312K, 100% used [0x00000000eab00000,0x00000000eb800000,0x00000000eb800000)
  from space 1024K, 97% used [0x00000000eb800000,0x00000000eb8faa38,0x00000000eb900000)
  to   space 2048K, 0% used [0x00000000eba00000,0x00000000eba00000,0x00000000ebc00000)
 ParOldGen       total 68608K, used 55441K [0x00000000c0000000, 0x00000000c4300000, 0x00000000eab00000)
  object space 68608K, 80% used [0x00000000c0000000,0x00000000c3624410,0x00000000c4300000)
 Metaspace       used 64106K, committed 65216K, reserved 1114112K
  class space    used 6643K, committed 7104K, reserved 1048576K
}

